Performing C SOURCE FILE Test CMAKE_HAVE_LIBC_PTHREAD failed with the following output:
Change Dir: /home/phuccao/OKVIS/vio_ws/build/CMakeFiles/CMakeTmp

Run Build Command(s):/usr/bin/make cmTC_35aef/fast && /usr/bin/make -f CMakeFiles/cmTC_35aef.dir/build.make CMakeFiles/cmTC_35aef.dir/build
make[1]: Entering directory '/home/phuccao/OKVIS/vio_ws/build/CMakeFiles/CMakeTmp'
Building C object CMakeFiles/cmTC_35aef.dir/src.c.o
/usr/bin/cc   -DCMAKE_HAVE_LIBC_PTHREAD   -o CMakeFiles/cmTC_35aef.dir/src.c.o   -c /home/phuccao/OKVIS/vio_ws/build/CMakeFiles/CMakeTmp/src.c
Linking C executable cmTC_35aef
/usr/bin/cmake -E cmake_link_script CMakeFiles/cmTC_35aef.dir/link.txt --verbose=1
/usr/bin/cc  -DCMAKE_HAVE_LIBC_PTHREAD    -rdynamic CMakeFiles/cmTC_35aef.dir/src.c.o  -o cmTC_35aef 
/usr/bin/ld: CMakeFiles/cmTC_35aef.dir/src.c.o: in function `main':
src.c:(.text+0x46): undefined reference to `pthread_create'
/usr/bin/ld: src.c:(.text+0x52): undefined reference to `pthread_detach'
/usr/bin/ld: src.c:(.text+0x63): undefined reference to `pthread_join'
collect2: error: ld returned 1 exit status
make[1]: *** [CMakeFiles/cmTC_35aef.dir/build.make:87: cmTC_35aef] Error 1
make[1]: Leaving directory '/home/phuccao/OKVIS/vio_ws/build/CMakeFiles/CMakeTmp'
make: *** [Makefile:121: cmTC_35aef/fast] Error 2


Source file was:
#include <pthread.h>

void* test_func(void* data)
{
  return data;
}

int main(void)
{
  pthread_t thread;
  pthread_create(&thread, NULL, test_func, NULL);
  pthread_detach(thread);
  pthread_join(thread, NULL);
  pthread_atfork(NULL, NULL, NULL);
  pthread_exit(NULL);

  return 0;
}

Determining if the function pthread_create exists in the pthreads failed with the following output:
Change Dir: /home/phuccao/OKVIS/vio_ws/build/CMakeFiles/CMakeTmp

Run Build Command(s):/usr/bin/make cmTC_ecc41/fast && /usr/bin/make -f CMakeFiles/cmTC_ecc41.dir/build.make CMakeFiles/cmTC_ecc41.dir/build
make[1]: Entering directory '/home/phuccao/OKVIS/vio_ws/build/CMakeFiles/CMakeTmp'
Building C object CMakeFiles/cmTC_ecc41.dir/CheckFunctionExists.c.o
/usr/bin/cc   -DCHECK_FUNCTION_EXISTS=pthread_create   -o CMakeFiles/cmTC_ecc41.dir/CheckFunctionExists.c.o   -c /usr/share/cmake-3.16/Modules/CheckFunctionExists.c
Linking C executable cmTC_ecc41
/usr/bin/cmake -E cmake_link_script CMakeFiles/cmTC_ecc41.dir/link.txt --verbose=1
/usr/bin/cc  -DCHECK_FUNCTION_EXISTS=pthread_create    -rdynamic CMakeFiles/cmTC_ecc41.dir/CheckFunctionExists.c.o  -o cmTC_ecc41  -lpthreads 
/usr/bin/ld: cannot find -lpthreads
collect2: error: ld returned 1 exit status
make[1]: *** [CMakeFiles/cmTC_ecc41.dir/build.make:87: cmTC_ecc41] Error 1
make[1]: Leaving directory '/home/phuccao/OKVIS/vio_ws/build/CMakeFiles/CMakeTmp'
make: *** [Makefile:121: cmTC_ecc41/fast] Error 2



Determining if the function sgemm_ exists failed with the following output:
Change Dir: /home/phuccao/OKVIS/vio_ws/build/CMakeFiles/CMakeTmp

Run Build Command(s):/usr/bin/make cmTC_a1663/fast && /usr/bin/make -f CMakeFiles/cmTC_a1663.dir/build.make CMakeFiles/cmTC_a1663.dir/build
make[1]: Entering directory '/home/phuccao/OKVIS/vio_ws/build/CMakeFiles/CMakeTmp'
Building C object CMakeFiles/cmTC_a1663.dir/CheckFunctionExists.c.o
/usr/bin/cc   -DCHECK_FUNCTION_EXISTS=sgemm_   -o CMakeFiles/cmTC_a1663.dir/CheckFunctionExists.c.o   -c /usr/share/cmake-3.16/Modules/CheckFunctionExists.c
Linking C executable cmTC_a1663
/usr/bin/cmake -E cmake_link_script CMakeFiles/cmTC_a1663.dir/link.txt --verbose=1
/usr/bin/cc  -DCHECK_FUNCTION_EXISTS=sgemm_    -rdynamic CMakeFiles/cmTC_a1663.dir/CheckFunctionExists.c.o  -o cmTC_a1663 
/usr/bin/ld: CMakeFiles/cmTC_a1663.dir/CheckFunctionExists.c.o: in function `main':
CheckFunctionExists.c:(.text+0x14): undefined reference to `sgemm_'
collect2: error: ld returned 1 exit status
make[1]: *** [CMakeFiles/cmTC_a1663.dir/build.make:87: cmTC_a1663] Error 1
make[1]: Leaving directory '/home/phuccao/OKVIS/vio_ws/build/CMakeFiles/CMakeTmp'
make: *** [Makefile:121: cmTC_a1663/fast] Error 2



Determining if the function cheev_ exists failed with the following output:
Change Dir: /home/phuccao/OKVIS/vio_ws/build/CMakeFiles/CMakeTmp

Run Build Command(s):/usr/bin/make cmTC_2a19e/fast && /usr/bin/make -f CMakeFiles/cmTC_2a19e.dir/build.make CMakeFiles/cmTC_2a19e.dir/build
make[1]: Entering directory '/home/phuccao/OKVIS/vio_ws/build/CMakeFiles/CMakeTmp'
Building C object CMakeFiles/cmTC_2a19e.dir/CheckFunctionExists.c.o
/usr/bin/cc   -DCHECK_FUNCTION_EXISTS=cheev_   -o CMakeFiles/cmTC_2a19e.dir/CheckFunctionExists.c.o   -c /usr/share/cmake-3.16/Modules/CheckFunctionExists.c
Linking C executable cmTC_2a19e
/usr/bin/cmake -E cmake_link_script CMakeFiles/cmTC_2a19e.dir/link.txt --verbose=1
/usr/bin/cc  -DCHECK_FUNCTION_EXISTS=cheev_    -rdynamic CMakeFiles/cmTC_2a19e.dir/CheckFunctionExists.c.o  -o cmTC_2a19e  /usr/lib/x86_64-linux-gnu/libf77blas.so /usr/lib/x86_64-linux-gnu/libatlas.so 
/usr/bin/ld: CMakeFiles/cmTC_2a19e.dir/CheckFunctionExists.c.o: in function `main':
CheckFunctionExists.c:(.text+0x14): undefined reference to `cheev_'
collect2: error: ld returned 1 exit status
make[1]: *** [CMakeFiles/cmTC_2a19e.dir/build.make:89: cmTC_2a19e] Error 1
make[1]: Leaving directory '/home/phuccao/OKVIS/vio_ws/build/CMakeFiles/CMakeTmp'
make: *** [Makefile:121: cmTC_2a19e/fast] Error 2



